Using pre-set license
Built from '2020.3/staging' branch; Version is '2020.3.22f1 (e1a7f79fd887) revision 14788599'; Using compiler version '192528614'; Build Type 'Release'
OS: 'Windows 10 Home; OS build 19043.2006; Version 2009; 64bit' Language: 'en' Physical Memory: 16313 MB
BatchMode: 1, IsHumanControllingUs: 0, StartBugReporterOnCrash: 0, Is64bit: 1, IsPro: 0

COMMAND LINE ARGUMENTS:
C:\Program Files\Unity\Hub\Editor\2020.3.22f1\Editor\Unity.exe
-adb2
-batchMode
-noUpm
-name
AssetImportWorker0
-projectPath
C:/Users/Vivian Ng/Documents/GitHub/onion-time-test
-logFile
Logs/AssetImportWorker0.log
-srvPort
51048
Successfully changed project path to: C:/Users/Vivian Ng/Documents/GitHub/onion-time-test
C:/Users/Vivian Ng/Documents/GitHub/onion-time-test
Using Asset Import Pipeline V2.
Refreshing native plugins compatible for Editor in 50.94 ms, found 3 plugins.
Preloading 0 native plugins for Editor in 0.00 ms.
Initialize engine version: 2020.3.22f1 (e1a7f79fd887)
[Subsystems] Discovering subsystems at path C:/Program Files/Unity/Hub/Editor/2020.3.22f1/Editor/Data/Resources/UnitySubsystems
[Subsystems] Discovering subsystems at path C:/Users/Vivian Ng/Documents/GitHub/onion-time-test/Assets
GfxDevice: creating device client; threaded=0
Direct3D:
    Version:  Direct3D 11.0 [level 11.0]
    Renderer: NVIDIA GeForce GTX 745 (ID=0x1382)
    Vendor:   
    VRAM:     4053 MB
    Driver:   30.0.15.1215
Initialize mono
Mono path[0] = 'C:/Program Files/Unity/Hub/Editor/2020.3.22f1/Editor/Data/Managed'
Mono path[1] = 'C:/Program Files/Unity/Hub/Editor/2020.3.22f1/Editor/Data/MonoBleedingEdge/lib/mono/unityjit'
Mono config path = 'C:/Program Files/Unity/Hub/Editor/2020.3.22f1/Editor/Data/MonoBleedingEdge/etc'
Using monoOptions --debugger-agent=transport=dt_socket,embedding=1,server=y,suspend=n,address=127.0.0.1:56176
Begin MonoManager ReloadAssembly
Registering precompiled unity dll's ...
Register platform support module: C:/Program Files/Unity/Hub/Editor/2020.3.22f1/Editor/Data/PlaybackEngines/WindowsStandaloneSupport/UnityEditor.WindowsStandalone.Extensions.dll
Registered in 0.001570 seconds.
Native extension for WindowsStandalone target not found
Refreshing native plugins compatible for Editor in 41.44 ms, found 3 plugins.
Preloading 0 native plugins for Editor in 0.00 ms.
Mono: successfully reloaded assembly
- Completed reload, in  0.960 seconds
Domain Reload Profiling:
	ReloadAssembly (960ms)
		BeginReloadAssembly (48ms)
			ExecutionOrderSort (0ms)
			DisableScriptedObjects (0ms)
			BackupInstance (0ms)
			ReleaseScriptingObjects (0ms)
			CreateAndSetChildDomain (1ms)
		EndReloadAssembly (405ms)
			LoadAssemblies (46ms)
			RebuildTransferFunctionScriptingTraits (0ms)
			SetupTypeCache (137ms)
			ReleaseScriptCaches (0ms)
			RebuildScriptCaches (27ms)
			SetupLoadedEditorAssemblies (155ms)
				LogAssemblyErrors (0ms)
				InitializePlatformSupportModulesInManaged (3ms)
				SetLoadedEditorAssemblies (0ms)
				RefreshPlugins (42ms)
				BeforeProcessingInitializeOnLoad (14ms)
				ProcessInitializeOnLoadAttributes (70ms)
				ProcessInitializeOnLoadMethodAttributes (26ms)
				AfterProcessingInitializeOnLoad (0ms)
				EditorAssembliesLoaded (0ms)
			ExecutionOrderSort2 (0ms)
			AwakeInstancesAfterBackupRestoration (0ms)
Platform modules already initialized, skipping
Registering precompiled user dll's ...
Registered in 0.007911 seconds.
Begin MonoManager ReloadAssembly
Native extension for WindowsStandalone target not found
Refreshing native plugins compatible for Editor in 37.01 ms, found 3 plugins.
Preloading 0 native plugins for Editor in 0.00 ms.
Mono: successfully reloaded assembly
- Completed reload, in  1.053 seconds
Domain Reload Profiling:
	ReloadAssembly (1054ms)
		BeginReloadAssembly (122ms)
			ExecutionOrderSort (0ms)
			DisableScriptedObjects (4ms)
			BackupInstance (0ms)
			ReleaseScriptingObjects (0ms)
			CreateAndSetChildDomain (16ms)
		EndReloadAssembly (878ms)
			LoadAssemblies (84ms)
			RebuildTransferFunctionScriptingTraits (0ms)
			SetupTypeCache (327ms)
			ReleaseScriptCaches (0ms)
			RebuildScriptCaches (43ms)
			SetupLoadedEditorAssemblies (306ms)
				LogAssemblyErrors (0ms)
				InitializePlatformSupportModulesInManaged (3ms)
				SetLoadedEditorAssemblies (0ms)
				RefreshPlugins (37ms)
				BeforeProcessingInitializeOnLoad (69ms)
				ProcessInitializeOnLoadAttributes (172ms)
				ProcessInitializeOnLoadMethodAttributes (17ms)
				AfterProcessingInitializeOnLoad (8ms)
				EditorAssembliesLoaded (0ms)
			ExecutionOrderSort2 (0ms)
			AwakeInstancesAfterBackupRestoration (5ms)
Platform modules already initialized, skipping
========================================================================
Worker process is ready to serve import requests
Launched and connected shader compiler UnityShaderCompiler.exe after 0.05 seconds
Refreshing native plugins compatible for Editor in 0.46 ms, found 3 plugins.
Preloading 0 native plugins for Editor in 0.00 ms.
Unloading 2313 Unused Serialized files (Serialized files now loaded: 0)
System memory in use before: 101.4 MB.
System memory in use after: 101.6 MB.

Unloading 38 unused Assets to reduce memory usage. Loaded Objects now: 2737.
Total: 3.057400 ms (FindLiveObjects: 0.187000 ms CreateObjectMapping: 0.092900 ms MarkObjects: 2.721300 ms  DeleteObjects: 0.055500 ms)

AssetImportParameters requested are different than current active one (requested -> active):
  custom:framework-win-MediaFoundation: 216162199b28c13a410421893ffa2e32 -> 
  custom:video-decoder-ogg-theora: a1e56fd34408186e4bbccfd4996cb3dc -> 
  custom:container-muxer-webm: aa71ff27fc2769a1b78a27578f13a17b -> 
  custom:container-demuxer-webm: 4f35f7cbe854078d1ac9338744f61a02 -> 
  custom:container-demuxer-ogg: 62fdf1f143b41e24485cea50d1cbac27 -> 
  custom:video-encoder-webm-vp8: eb34c28f22e8b96e1ab97ce403110664 -> 
  custom:video-decoder-webm-vp8: 9c59270c3fd7afecdb556c50c9e8de78 -> 
  custom:audio-decoder-ogg-vorbis: bf7c407c2cedff20999df2af8eb42d56 -> 
  custom:audio-encoder-webm-vorbis: bf7c407c2cedff20999df2af8eb42d56 -> 
========================================================================
Received Import Request.
  path: Packages/dev.yarnspinner.unity/package.json
  artifactKey: Guid(e6335304c5696c743aedd0a77a6533ad) Importer(815301076,1909f56bfc062723c751e8b465ee728b)
Start importing Packages/dev.yarnspinner.unity/package.json using Guid(e6335304c5696c743aedd0a77a6533ad) Importer(815301076,1909f56bfc062723c751e8b465ee728b)  -> (artifact id: '1e2df82af1d67a74278e39d3859b4a3e') in 0.032365 seconds 
  Import took 0.035155 seconds .

========================================================================
Received Prepare
Registering precompiled user dll's ...
Registered in 0.007342 seconds.
Begin MonoManager ReloadAssembly
Native extension for WindowsStandalone target not found
Refreshing native plugins compatible for Editor in 0.50 ms, found 3 plugins.
Preloading 0 native plugins for Editor in 0.00 ms.
Mono: successfully reloaded assembly
- Completed reload, in  0.948 seconds
Domain Reload Profiling:
	ReloadAssembly (948ms)
		BeginReloadAssembly (115ms)
			ExecutionOrderSort (0ms)
			DisableScriptedObjects (5ms)
			BackupInstance (0ms)
			ReleaseScriptingObjects (0ms)
			CreateAndSetChildDomain (34ms)
		EndReloadAssembly (776ms)
			LoadAssemblies (83ms)
			RebuildTransferFunctionScriptingTraits (0ms)
			SetupTypeCache (283ms)
			ReleaseScriptCaches (1ms)
			RebuildScriptCaches (36ms)
			SetupLoadedEditorAssemblies (270ms)
				LogAssemblyErrors (0ms)
				InitializePlatformSupportModulesInManaged (4ms)
				SetLoadedEditorAssemblies (0ms)
				RefreshPlugins (1ms)
				BeforeProcessingInitializeOnLoad (77ms)
				ProcessInitializeOnLoadAttributes (173ms)
				ProcessInitializeOnLoadMethodAttributes (10ms)
				AfterProcessingInitializeOnLoad (5ms)
				EditorAssembliesLoaded (0ms)
			ExecutionOrderSort2 (0ms)
			AwakeInstancesAfterBackupRestoration (6ms)
Platform modules already initialized, skipping
Refreshing native plugins compatible for Editor in 0.51 ms, found 3 plugins.
Preloading 0 native plugins for Editor in 0.00 ms.
Unloading 2289 Unused Serialized files (Serialized files now loaded: 0)
System memory in use before: 99.5 MB.
System memory in use after: 99.8 MB.

Unloading 27 unused Assets to reduce memory usage. Loaded Objects now: 2739.
Total: 2.925700 ms (FindLiveObjects: 0.193600 ms CreateObjectMapping: 0.088600 ms MarkObjects: 2.621100 ms  DeleteObjects: 0.021400 ms)

AssetImportParameters requested are different than current active one (requested -> active):
  custom:framework-win-MediaFoundation: 216162199b28c13a410421893ffa2e32 -> 
  custom:video-decoder-ogg-theora: a1e56fd34408186e4bbccfd4996cb3dc -> 
  custom:container-muxer-webm: aa71ff27fc2769a1b78a27578f13a17b -> 
  custom:container-demuxer-webm: 4f35f7cbe854078d1ac9338744f61a02 -> 
  custom:container-demuxer-ogg: 62fdf1f143b41e24485cea50d1cbac27 -> 
  custom:video-encoder-webm-vp8: eb34c28f22e8b96e1ab97ce403110664 -> 
  custom:video-decoder-webm-vp8: 9c59270c3fd7afecdb556c50c9e8de78 -> 
  custom:audio-decoder-ogg-vorbis: bf7c407c2cedff20999df2af8eb42d56 -> 
  custom:audio-encoder-webm-vorbis: bf7c407c2cedff20999df2af8eb42d56 -> 
========================================================================
Received Prepare
Registering precompiled user dll's ...
Registered in 0.008509 seconds.
Begin MonoManager ReloadAssembly
Native extension for WindowsStandalone target not found
Refreshing native plugins compatible for Editor in 0.50 ms, found 3 plugins.
Preloading 0 native plugins for Editor in 0.00 ms.
Mono: successfully reloaded assembly
- Completed reload, in  1.094 seconds
Domain Reload Profiling:
	ReloadAssembly (1095ms)
		BeginReloadAssembly (119ms)
			ExecutionOrderSort (0ms)
			DisableScriptedObjects (6ms)
			BackupInstance (0ms)
			ReleaseScriptingObjects (0ms)
			CreateAndSetChildDomain (37ms)
		EndReloadAssembly (913ms)
			LoadAssemblies (96ms)
			RebuildTransferFunctionScriptingTraits (0ms)
			SetupTypeCache (338ms)
			ReleaseScriptCaches (1ms)
			RebuildScriptCaches (42ms)
			SetupLoadedEditorAssemblies (337ms)
				LogAssemblyErrors (0ms)
				InitializePlatformSupportModulesInManaged (5ms)
				SetLoadedEditorAssemblies (0ms)
				RefreshPlugins (1ms)
				BeforeProcessingInitializeOnLoad (86ms)
				ProcessInitializeOnLoadAttributes (228ms)
				ProcessInitializeOnLoadMethodAttributes (11ms)
				AfterProcessingInitializeOnLoad (6ms)
				EditorAssembliesLoaded (0ms)
			ExecutionOrderSort2 (0ms)
			AwakeInstancesAfterBackupRestoration (8ms)
Platform modules already initialized, skipping
Refreshing native plugins compatible for Editor in 0.58 ms, found 3 plugins.
Preloading 0 native plugins for Editor in 0.00 ms.
Unloading 2289 Unused Serialized files (Serialized files now loaded: 0)
System memory in use before: 99.6 MB.
System memory in use after: 99.8 MB.

Unloading 27 unused Assets to reduce memory usage. Loaded Objects now: 2741.
Total: 3.093300 ms (FindLiveObjects: 0.195000 ms CreateObjectMapping: 0.098800 ms MarkObjects: 2.778700 ms  DeleteObjects: 0.019700 ms)

AssetImportParameters requested are different than current active one (requested -> active):
  custom:framework-win-MediaFoundation: 216162199b28c13a410421893ffa2e32 -> 
  custom:video-decoder-ogg-theora: a1e56fd34408186e4bbccfd4996cb3dc -> 
  custom:container-muxer-webm: aa71ff27fc2769a1b78a27578f13a17b -> 
  custom:container-demuxer-webm: 4f35f7cbe854078d1ac9338744f61a02 -> 
  custom:container-demuxer-ogg: 62fdf1f143b41e24485cea50d1cbac27 -> 
  custom:video-encoder-webm-vp8: eb34c28f22e8b96e1ab97ce403110664 -> 
  custom:video-decoder-webm-vp8: 9c59270c3fd7afecdb556c50c9e8de78 -> 
  custom:audio-decoder-ogg-vorbis: bf7c407c2cedff20999df2af8eb42d56 -> 
  custom:audio-encoder-webm-vorbis: bf7c407c2cedff20999df2af8eb42d56 -> 
========================================================================
Received Import Request.
  Time since last request: 81.329247 seconds.
  path: Assets/Dialogue/GhostyLads_FinalVersion.yarn
  artifactKey: Guid(b5247dc8d927b4b08970ffdb23329617) Importer(815301076,1909f56bfc062723c751e8b465ee728b)
Start importing Assets/Dialogue/GhostyLads_FinalVersion.yarn using Guid(b5247dc8d927b4b08970ffdb23329617) Importer(815301076,1909f56bfc062723c751e8b465ee728b)  -> (artifact id: '2e45c046669cdfd74f4f80783ce7032e') in 0.015830 seconds 
  Import took 0.019063 seconds .

========================================================================
Received Import Request.
  Time since last request: 4.436525 seconds.
  path: Assets/Materials/DarkStone.mat
  artifactKey: Guid(60ee2bda2bae04cf883c30dc707733e3) Importer(815301076,1909f56bfc062723c751e8b465ee728b)
Start importing Assets/Materials/DarkStone.mat using Guid(60ee2bda2bae04cf883c30dc707733e3) Importer(815301076,1909f56bfc062723c751e8b465ee728b)  -> (artifact id: 'f7e60f7d1fa1ff3d842d10fa34c39d5d') in 0.248044 seconds 
  Import took 0.251289 seconds .

========================================================================
Received Import Request.
  Time since last request: 0.000213 seconds.
  path: Assets/Materials/PlayerSlippy.physicsMaterial2D
  artifactKey: Guid(532a6e32fd2fb254696daeb88ab010b5) Importer(815301076,1909f56bfc062723c751e8b465ee728b)
Start importing Assets/Materials/PlayerSlippy.physicsMaterial2D using Guid(532a6e32fd2fb254696daeb88ab010b5) Importer(815301076,1909f56bfc062723c751e8b465ee728b)  -> (artifact id: '6f07f2abf41e5f9d254a8c1511bc1b65') in 0.006874 seconds 
  Import took 0.010005 seconds .

========================================================================
Received Import Request.
  Time since last request: 0.000272 seconds.
  path: Assets/Materials/WallSlippy.physicsMaterial2D
  artifactKey: Guid(2d873e03ff709db4d8ac5d5cac650d8e) Importer(815301076,1909f56bfc062723c751e8b465ee728b)
Start importing Assets/Materials/WallSlippy.physicsMaterial2D using Guid(2d873e03ff709db4d8ac5d5cac650d8e) Importer(815301076,1909f56bfc062723c751e8b465ee728b)  -> (artifact id: '297551dfe4cd93e45cb1a215c1c295aa') in 0.005463 seconds 
  Import took 0.009135 seconds .

========================================================================
Received Import Request.
  Time since last request: 0.000257 seconds.
  path: Assets/Materials/Ghost.mat
  artifactKey: Guid(dec9e0a59adda43ea8ab81ff132eb88d) Importer(815301076,1909f56bfc062723c751e8b465ee728b)
Start importing Assets/Materials/Ghost.mat using Guid(dec9e0a59adda43ea8ab81ff132eb88d) Importer(815301076,1909f56bfc062723c751e8b465ee728b)  -> (artifact id: '55d10b34e779f75e382f4f45c84e2860') in 0.207530 seconds 
  Import took 0.210386 seconds .

========================================================================
Received Import Request.
  Time since last request: 0.000230 seconds.
  path: Assets/Materials/Ground.mat
  artifactKey: Guid(26422e255a4104c66a5d0d49d7f5e496) Importer(815301076,1909f56bfc062723c751e8b465ee728b)
Start importing Assets/Materials/Ground.mat using Guid(26422e255a4104c66a5d0d49d7f5e496) Importer(815301076,1909f56bfc062723c751e8b465ee728b)  -> (artifact id: '7151897788758efb7539c0511588c725') in 0.010285 seconds 
  Import took 0.013251 seconds .

========================================================================
Received Import Request.
  Time since last request: 0.000196 seconds.
  path: Assets/Materials/GhostEyes.mat
  artifactKey: Guid(11ef5de1229b04cb5ab314d14cc714c5) Importer(815301076,1909f56bfc062723c751e8b465ee728b)
Start importing Assets/Materials/GhostEyes.mat using Guid(11ef5de1229b04cb5ab314d14cc714c5) Importer(815301076,1909f56bfc062723c751e8b465ee728b)  -> (artifact id: '3b6f4ebbaeba9bfff625d2774ec1cc28') in 0.092269 seconds 
  Import took 0.095127 seconds .

========================================================================
Received Import Request.
  Time since last request: 15.623931 seconds.
  path: Assets/Models/borderPillar.fbx
  artifactKey: Guid(9e8f33070681248c7a922296ad43e9ea) Importer(815301076,1909f56bfc062723c751e8b465ee728b)
Start importing Assets/Models/borderPillar.fbx using Guid(9e8f33070681248c7a922296ad43e9ea) Importer(815301076,1909f56bfc062723c751e8b465ee728b)  -> (artifact id: '6e833fc4089d2173e9b410f7426234a9') in 0.107660 seconds 
  Import took 0.111100 seconds .

========================================================================
Received Import Request.
  Time since last request: 0.000235 seconds.
  path: Assets/Models/gravestoneWide.fbx
  artifactKey: Guid(3cc8b290cebe24cfcab94eafcbca57d0) Importer(815301076,1909f56bfc062723c751e8b465ee728b)
Start importing Assets/Models/gravestoneWide.fbx using Guid(3cc8b290cebe24cfcab94eafcbca57d0) Importer(815301076,1909f56bfc062723c751e8b465ee728b)  -> (artifact id: 'b0ce1fae4c30c8ac130057ea6b7a2b27') in 0.017301 seconds 
  Import took 0.020024 seconds .

========================================================================
Received Import Request.
  Time since last request: 0.000246 seconds.
  path: Assets/Models/cross.fbx
  artifactKey: Guid(465457256e5b5478bb795776052f210b) Importer(815301076,1909f56bfc062723c751e8b465ee728b)
Start importing Assets/Models/cross.fbx using Guid(465457256e5b5478bb795776052f210b) Importer(815301076,1909f56bfc062723c751e8b465ee728b)  -> (artifact id: '255a42d4dda103c728011c08153076a1') in 0.017345 seconds 
  Import took 0.020309 seconds .

========================================================================
Received Import Request.
  Time since last request: 0.000240 seconds.
  path: Assets/Models/ghost.fbx
  artifactKey: Guid(da07d471365a74dbe81bb8f7305d2032) Importer(815301076,1909f56bfc062723c751e8b465ee728b)
Start importing Assets/Models/ghost.fbx using Guid(da07d471365a74dbe81bb8f7305d2032) Importer(815301076,1909f56bfc062723c751e8b465ee728b)  -> (artifact id: 'ecbf985c55455a17566f04892f54f91f') in 0.039734 seconds 
  Import took 0.042543 seconds .

========================================================================
Received Import Request.
  Time since last request: 0.000210 seconds.
  path: Assets/Models/pineCrooked.fbx
  artifactKey: Guid(7a76c4f4d34f44dc9a1427b2198f067b) Importer(815301076,1909f56bfc062723c751e8b465ee728b)
Start importing Assets/Models/pineCrooked.fbx using Guid(7a76c4f4d34f44dc9a1427b2198f067b) Importer(815301076,1909f56bfc062723c751e8b465ee728b)  -> (artifact id: 'ba88d6433311c9d07fd83fb33b94231d') in 0.024378 seconds 
  Import took 0.027192 seconds .

========================================================================
Received Import Request.
  Time since last request: 0.000229 seconds.
  path: Assets/Models/shovelDirt.fbx
  artifactKey: Guid(c479ddfaea2dc4b2f972632539870fa4) Importer(815301076,1909f56bfc062723c751e8b465ee728b)
Start importing Assets/Models/shovelDirt.fbx using Guid(c479ddfaea2dc4b2f972632539870fa4) Importer(815301076,1909f56bfc062723c751e8b465ee728b)  -> (artifact id: '2ddaab2351e2157a254c157592c255d8') in 0.020746 seconds 
  Import took 0.023489 seconds .

========================================================================
Received Import Request.
  Time since last request: 0.000202 seconds.
  path: Assets/Models/pumpkinTall.fbx
  artifactKey: Guid(940e2c9b970f4421b9cd7d27a724378c) Importer(815301076,1909f56bfc062723c751e8b465ee728b)
Start importing Assets/Models/pumpkinTall.fbx using Guid(940e2c9b970f4421b9cd7d27a724378c) Importer(815301076,1909f56bfc062723c751e8b465ee728b)  -> (artifact id: 'a97424abd3f56cc73f2f45762ee986e0') in 0.020595 seconds 
  Import took 0.023367 seconds .

========================================================================
Received Import Request.
  Time since last request: 0.000219 seconds.
  path: Assets/Models/gravestoneRound.fbx
  artifactKey: Guid(f10f53758c0504447b3b7d9b8ad58c2d) Importer(815301076,1909f56bfc062723c751e8b465ee728b)
Start importing Assets/Models/gravestoneRound.fbx using Guid(f10f53758c0504447b3b7d9b8ad58c2d) Importer(815301076,1909f56bfc062723c751e8b465ee728b)  -> (artifact id: 'a511b7e2387491c4e63433f85460917f') in 0.016711 seconds 
  Import took 0.019456 seconds .

========================================================================
Received Import Request.
  Time since last request: 0.000212 seconds.
  path: Assets/Models/graveBorder.fbx
  artifactKey: Guid(46cfed28514f441f0b8577e51219347f) Importer(815301076,1909f56bfc062723c751e8b465ee728b)
Start importing Assets/Models/graveBorder.fbx using Guid(46cfed28514f441f0b8577e51219347f) Importer(815301076,1909f56bfc062723c751e8b465ee728b)  -> (artifact id: '5261df831c7dc1bcea333126fdaa175f') in 0.017545 seconds 
  Import took 0.020224 seconds .

========================================================================
Received Import Request.
  Time since last request: 0.000210 seconds.
  path: Assets/Models/gravestoneDecorative.fbx
  artifactKey: Guid(ddb4902ced83846f398d625197efa6c4) Importer(815301076,1909f56bfc062723c751e8b465ee728b)
Start importing Assets/Models/gravestoneDecorative.fbx using Guid(ddb4902ced83846f398d625197efa6c4) Importer(815301076,1909f56bfc062723c751e8b465ee728b)  -> (artifact id: 'ab1c0080e53cf15ee79337972b44d7b0') in 0.016643 seconds 
  Import took 0.019913 seconds .

========================================================================
Received Import Request.
  Time since last request: 0.000198 seconds.
  path: Assets/Models/brickWall.fbx
  artifactKey: Guid(17a5b70bf23d347869e61ef5d4c47135) Importer(815301076,1909f56bfc062723c751e8b465ee728b)
Start importing Assets/Models/brickWall.fbx using Guid(17a5b70bf23d347869e61ef5d4c47135) Importer(815301076,1909f56bfc062723c751e8b465ee728b)  -> (artifact id: 'a243c406e8398080366f54aab583cdcf') in 0.019431 seconds 
  Import took 0.022244 seconds .

========================================================================
Received Import Request.
  Time since last request: 0.000181 seconds.
  path: Assets/Models/crossWood.fbx
  artifactKey: Guid(26c0bc65fb03943878c4587b4a4c9de0) Importer(815301076,1909f56bfc062723c751e8b465ee728b)
Start importing Assets/Models/crossWood.fbx using Guid(26c0bc65fb03943878c4587b4a4c9de0) Importer(815301076,1909f56bfc062723c751e8b465ee728b)  -> (artifact id: '88af7eef2a2a5df9e246173723961ed3') in 0.020127 seconds 
  Import took 0.022935 seconds .

========================================================================
Received Import Request.
  Time since last request: 0.001229 seconds.
  path: Assets/Models/brickWallCurve.fbx
  artifactKey: Guid(f95e0131eb41a4f18a946b3c19842602) Importer(815301076,1909f56bfc062723c751e8b465ee728b)
Start importing Assets/Models/brickWallCurve.fbx using Guid(f95e0131eb41a4f18a946b3c19842602) Importer(815301076,1909f56bfc062723c751e8b465ee728b)  -> (artifact id: 'f15200f6f81f308ae037ec9edf5a4e3a') in 0.019939 seconds 
  Import took 0.022728 seconds .

========================================================================
Received Import Request.
  Time since last request: 0.000220 seconds.
  path: Assets/Models/road.fbx
  artifactKey: Guid(d679142d204594177b044c07e51ecb33) Importer(815301076,1909f56bfc062723c751e8b465ee728b)
Start importing Assets/Models/road.fbx using Guid(d679142d204594177b044c07e51ecb33) Importer(815301076,1909f56bfc062723c751e8b465ee728b)  -> (artifact id: '7300982ff22b3bccbdd97d82e5afe1d7') in 0.016720 seconds 
  Import took 0.019721 seconds .

========================================================================
Received Import Request.
  Time since last request: 0.000230 seconds.
  path: Assets/Models/grave.fbx
  artifactKey: Guid(3d6852482ea1e4b4a96e205c51db2eb0) Importer(815301076,1909f56bfc062723c751e8b465ee728b)
Start importing Assets/Models/grave.fbx using Guid(3d6852482ea1e4b4a96e205c51db2eb0) Importer(815301076,1909f56bfc062723c751e8b465ee728b)  -> (artifact id: 'c5de6dcb1047d2ab9c6e83190944a0a0') in 0.016786 seconds 
  Import took 0.019516 seconds .

========================================================================
Received Import Request.
  Time since last request: 0.000235 seconds.
  path: Assets/Models/skeleton.fbx
  artifactKey: Guid(08660a62b225d4c64816b7a495bb8477) Importer(815301076,1909f56bfc062723c751e8b465ee728b)
Start importing Assets/Models/skeleton.fbx using Guid(08660a62b225d4c64816b7a495bb8477) Importer(815301076,1909f56bfc062723c751e8b465ee728b)  -> (artifact id: '8c0e90b36c0fd288464b4ef333fb1100') in 0.050162 seconds 
  Import took 0.052932 seconds .

========================================================================
Received Import Request.
  Time since last request: 0.000230 seconds.
  path: Assets/Models/trunk.fbx
  artifactKey: Guid(8f253c9dd5acd4564bba0a3ca76b038e) Importer(815301076,1909f56bfc062723c751e8b465ee728b)
Start importing Assets/Models/trunk.fbx using Guid(8f253c9dd5acd4564bba0a3ca76b038e) Importer(815301076,1909f56bfc062723c751e8b465ee728b)  -> (artifact id: '8fc91dde5f68e8a782b19873a3625923') in 0.020842 seconds 
  Import took 0.023602 seconds .

========================================================================
Received Import Request.
  Time since last request: 0.000224 seconds.
  path: Assets/Models/pine.fbx
  artifactKey: Guid(412fb4686f585429786c8b6c67de19e2) Importer(815301076,1909f56bfc062723c751e8b465ee728b)
Start importing Assets/Models/pine.fbx using Guid(412fb4686f585429786c8b6c67de19e2) Importer(815301076,1909f56bfc062723c751e8b465ee728b)  -> (artifact id: '50addb87e6fa9c41879c957e3d89490b') in 0.025007 seconds 
  Import took 0.027735 seconds .

========================================================================
Received Import Request.
  Time since last request: 0.000242 seconds.
  path: Assets/Models/pumpkin.fbx
  artifactKey: Guid(94bb74d45c75e4a16b2674d095cb6013) Importer(815301076,1909f56bfc062723c751e8b465ee728b)
Start importing Assets/Models/pumpkin.fbx using Guid(94bb74d45c75e4a16b2674d095cb6013) Importer(815301076,1909f56bfc062723c751e8b465ee728b)  -> (artifact id: '49e29e66f406e9e1eb49182e3cf4cd82') in 0.019573 seconds 
  Import took 0.022331 seconds .

========================================================================
Received Import Request.
  Time since last request: 0.000219 seconds.
  path: Assets/Models/fence.fbx
  artifactKey: Guid(ece999e0c4b14451d95a6245b134113c) Importer(815301076,1909f56bfc062723c751e8b465ee728b)
Start importing Assets/Models/fence.fbx using Guid(ece999e0c4b14451d95a6245b134113c) Importer(815301076,1909f56bfc062723c751e8b465ee728b)  -> (artifact id: '8a4fbbe4e958c2db3cea7fd159f14437') in 0.030323 seconds 
  Import took 0.033062 seconds .

========================================================================
Received Import Request.
  Time since last request: 8.328117 seconds.
  path: Assets/Prefabs/Dialogue System.prefab
  artifactKey: Guid(6114b4f9f3a3d2f42a9ad6f2d9724e58) Importer(815301076,1909f56bfc062723c751e8b465ee728b)
Start importing Assets/Prefabs/Dialogue System.prefab using Guid(6114b4f9f3a3d2f42a9ad6f2d9724e58) Importer(815301076,1909f56bfc062723c751e8b465ee728b)  -> (artifact id: 'bf9ee100ff0415ab62fee734992e07dc') in 0.082364 seconds 
  Import took 0.085945 seconds .

========================================================================
Received Import Request.
  Time since last request: 0.000230 seconds.
  path: Assets/Prefabs/Player.prefab
  artifactKey: Guid(9fa024e72c7e4c0468cda9b57c961d4a) Importer(815301076,1909f56bfc062723c751e8b465ee728b)
Start importing Assets/Prefabs/Player.prefab using Guid(9fa024e72c7e4c0468cda9b57c961d4a) Importer(815301076,1909f56bfc062723c751e8b465ee728b)  -> (artifact id: '1a27b7dabe127c74af0a948947252c95') in 0.014540 seconds 
  Import took 0.017708 seconds .

========================================================================
Received Import Request.
  Time since last request: 0.000210 seconds.
  path: Assets/Prefabs/Line View.prefab
  artifactKey: Guid(925639c83add1b04c86b8e50565b5fa1) Importer(815301076,1909f56bfc062723c751e8b465ee728b)
Start importing Assets/Prefabs/Line View.prefab using Guid(925639c83add1b04c86b8e50565b5fa1) Importer(815301076,1909f56bfc062723c751e8b465ee728b)  -> (artifact id: '6128d1e76ee8f3c696b47ba98da56645') in 0.024399 seconds 
  Import took 0.027391 seconds .

========================================================================
Received Import Request.
  Time since last request: 0.000212 seconds.
  path: Assets/Prefabs/LevelBits.prefab
  artifactKey: Guid(e5aa8e85f9d3d68479542f2e7d2a1017) Importer(815301076,1909f56bfc062723c751e8b465ee728b)
Start importing Assets/Prefabs/LevelBits.prefab using Guid(e5aa8e85f9d3d68479542f2e7d2a1017) Importer(815301076,1909f56bfc062723c751e8b465ee728b)  -> (artifact id: '1b42eead372c6a9693d63b840575a936') in 0.012137 seconds 
  Import took 0.014973 seconds .

========================================================================
Received Import Request.
  Time since last request: 0.000218 seconds.
  path: Assets/Prefabs/Options List View.prefab
  artifactKey: Guid(5f8a4ac7df40b304ebcb8be28f28d596) Importer(815301076,1909f56bfc062723c751e8b465ee728b)
Start importing Assets/Prefabs/Options List View.prefab using Guid(5f8a4ac7df40b304ebcb8be28f28d596) Importer(815301076,1909f56bfc062723c751e8b465ee728b)  -> (artifact id: '191fa81cd1aa8bb17cbc6b4dcb5d50c8') in 0.025660 seconds 
  Import took 0.028647 seconds .

========================================================================
Received Import Request.
  Time since last request: 0.000254 seconds.
  path: Assets/Prefabs/Door1.prefab
  artifactKey: Guid(74ae7bb535f33544c8fc17d0c87e1ffd) Importer(815301076,1909f56bfc062723c751e8b465ee728b)
Start importing Assets/Prefabs/Door1.prefab using Guid(74ae7bb535f33544c8fc17d0c87e1ffd) Importer(815301076,1909f56bfc062723c751e8b465ee728b)  -> (artifact id: '533badd0ea491e0d6293915a36dd8e4e') in 0.010988 seconds 
  Import took 0.013857 seconds .

========================================================================
Received Import Request.
  Time since last request: 0.000216 seconds.
  path: Assets/Prefabs/Start Button.prefab
  artifactKey: Guid(8f334dc627083a84a9a28bdeaf06a8cf) Importer(815301076,1909f56bfc062723c751e8b465ee728b)
Start importing Assets/Prefabs/Start Button.prefab using Guid(8f334dc627083a84a9a28bdeaf06a8cf) Importer(815301076,1909f56bfc062723c751e8b465ee728b)  -> (artifact id: '148d775736df84e5798d59bf08f2f0f1') in 0.009920 seconds 
  Import took 0.012678 seconds .

========================================================================
Received Import Request.
  Time since last request: 0.000235 seconds.
  path: Assets/Prefabs/Option View.prefab
  artifactKey: Guid(537dd2e9787488a439e69788d396b42e) Importer(815301076,1909f56bfc062723c751e8b465ee728b)
Start importing Assets/Prefabs/Option View.prefab using Guid(537dd2e9787488a439e69788d396b42e) Importer(815301076,1909f56bfc062723c751e8b465ee728b)  -> (artifact id: '592267b331618456e563494e4f1287df') in 0.023972 seconds 
  Import took 0.027027 seconds .

========================================================================
Received Import Request.
  Time since last request: 5.736255 seconds.
  path: Assets/Scenes/GhostyLads.unity
  artifactKey: Guid(b7e9d8763e27249718d5669ca71a9f10) Importer(815301076,1909f56bfc062723c751e8b465ee728b)
Start importing Assets/Scenes/GhostyLads.unity using Guid(b7e9d8763e27249718d5669ca71a9f10) Importer(815301076,1909f56bfc062723c751e8b465ee728b)  -> (artifact id: '739c9d447d9a1fc2317b733209a8e949') in 0.007398 seconds 
  Import took 0.011820 seconds .

========================================================================
Received Import Request.
  Time since last request: 6.918325 seconds.
  path: Assets/Scenes/LocationParty1.unity
  artifactKey: Guid(52be3a62caed4a148afd06a2f660598b) Importer(815301076,1909f56bfc062723c751e8b465ee728b)
Start importing Assets/Scenes/LocationParty1.unity using Guid(52be3a62caed4a148afd06a2f660598b) Importer(815301076,1909f56bfc062723c751e8b465ee728b)  -> (artifact id: '19ea98eae4659c7dc5dbf0fe49eadca1') in 0.006193 seconds 
  Import took 0.009527 seconds .

========================================================================
Received Import Request.
  Time since last request: 1.260870 seconds.
  path: Assets/Scenes/LocationPark.unity
  artifactKey: Guid(d6bb9f571dbe2ae44913c48e436f624e) Importer(815301076,1909f56bfc062723c751e8b465ee728b)
Start importing Assets/Scenes/LocationPark.unity using Guid(d6bb9f571dbe2ae44913c48e436f624e) Importer(815301076,1909f56bfc062723c751e8b465ee728b)  -> (artifact id: '3eb89c3337402e1f649cca8dc2ade440') in 0.026187 seconds 
  Import took 0.029486 seconds .

========================================================================
Received Prepare
Registering precompiled user dll's ...
Registered in 0.009118 seconds.
Begin MonoManager ReloadAssembly
Native extension for WindowsStandalone target not found
Refreshing native plugins compatible for Editor in 0.47 ms, found 3 plugins.
Preloading 0 native plugins for Editor in 0.00 ms.
Mono: successfully reloaded assembly
- Completed reload, in  0.893 seconds
Domain Reload Profiling:
	ReloadAssembly (894ms)
		BeginReloadAssembly (110ms)
			ExecutionOrderSort (0ms)
			DisableScriptedObjects (5ms)
			BackupInstance (0ms)
			ReleaseScriptingObjects (0ms)
			CreateAndSetChildDomain (33ms)
		EndReloadAssembly (731ms)
			LoadAssemblies (82ms)
			RebuildTransferFunctionScriptingTraits (0ms)
			SetupTypeCache (268ms)
			ReleaseScriptCaches (1ms)
			RebuildScriptCaches (37ms)
			SetupLoadedEditorAssemblies (255ms)
				LogAssemblyErrors (0ms)
				InitializePlatformSupportModulesInManaged (4ms)
				SetLoadedEditorAssemblies (0ms)
				RefreshPlugins (1ms)
				BeforeProcessingInitializeOnLoad (69ms)
				ProcessInitializeOnLoadAttributes (166ms)
				ProcessInitializeOnLoadMethodAttributes (9ms)
				AfterProcessingInitializeOnLoad (5ms)
				EditorAssembliesLoaded (0ms)
			ExecutionOrderSort2 (0ms)
			AwakeInstancesAfterBackupRestoration (6ms)
Platform modules already initialized, skipping
Refreshing native plugins compatible for Editor in 0.52 ms, found 3 plugins.
Preloading 0 native plugins for Editor in 0.00 ms.
Unloading 2289 Unused Serialized files (Serialized files now loaded: 0)
System memory in use before: 103.2 MB.
System memory in use after: 103.4 MB.

Unloading 27 unused Assets to reduce memory usage. Loaded Objects now: 2788.
Total: 3.194900 ms (FindLiveObjects: 0.187000 ms CreateObjectMapping: 0.090600 ms MarkObjects: 2.898200 ms  DeleteObjects: 0.018300 ms)

AssetImportParameters requested are different than current active one (requested -> active):
  custom:framework-win-MediaFoundation: 216162199b28c13a410421893ffa2e32 -> 
  custom:video-decoder-ogg-theora: a1e56fd34408186e4bbccfd4996cb3dc -> 
  custom:container-muxer-webm: aa71ff27fc2769a1b78a27578f13a17b -> 
  custom:container-demuxer-webm: 4f35f7cbe854078d1ac9338744f61a02 -> 
  custom:container-demuxer-ogg: 62fdf1f143b41e24485cea50d1cbac27 -> 
  custom:video-encoder-webm-vp8: eb34c28f22e8b96e1ab97ce403110664 -> 
  custom:video-decoder-webm-vp8: 9c59270c3fd7afecdb556c50c9e8de78 -> 
  custom:audio-decoder-ogg-vorbis: bf7c407c2cedff20999df2af8eb42d56 -> 
  custom:audio-encoder-webm-vorbis: bf7c407c2cedff20999df2af8eb42d56 -> 
AssetImportWorkerClient::OnTransportError - code=2 error=End of file
